# JRE version: Java(TM) SE Runtime Environment (8.0_05-b13) (build 1.8.0_05-b13)
# Java VM: Java HotSpot(TM) 64-Bit Server VM (25.5-b02 mixed mode windows-amd64 compressed oops)
Heap:
 PSYoungGen      total 1024K, used 989K [0x00000000d6e00000, 0x00000000d6f80000, 0x0000000100000000)
  eden space 512K, 96% used [0x00000000d6e00000,0x00000000d6e7b588,0x00000000d6e80000)
  from space 512K, 96% used [0x00000000d6f00000,0x00000000d6f7c010,0x00000000d6f80000)
  to   space 512K, 0% used [0x00000000d6e80000,0x00000000d6e80000,0x00000000d6f00000)
 ParOldGen       total 125440K, used 96K [0x0000000084a00000, 0x000000008c480000, 0x00000000d6e00000)
  object space 125440K, 0% used [0x0000000084a00000,0x0000000084a18000,0x000000008c480000)
 Metaspace       used 3670K, capacity 4686K, committed 4864K, reserved 1056768K
  class space    used 427K, capacity 466K, committed 512K, reserved 1048576K
GC Heap History (4 events):
Event: 0.378 GC heap before
{Heap before GC invocations=1 (full 0):
 PSYoungGen      total 1024K, used 512K [0x00000000d6e00000, 0x00000000d6f80000, 0x0000000100000000)
  eden space 512K, 100% used [0x00000000d6e00000,0x00000000d6e80000,0x00000000d6e80000)
  from space 512K, 0% used [0x00000000d6f00000,0x00000000d6f00000,0x00000000d6f80000)
  to   space 512K, 0% used [0x00000000d6e80000,0x00000000d6e80000,0x00000000d6f00000)
 ParOldGen       total 125440K, used 0K [0x0000000084a00000, 0x000000008c480000, 0x00000000d6e00000)
  object space 125440K, 0% used [0x0000000084a00000,0x0000000084a00000,0x000000008c480000)
 Metaspace       used 2486K, capacity 4480K, committed 4480K, reserved 1056768K
  class space    used 273K, capacity 384K, committed 384K, reserved 1048576K
Event: 0.379 GC heap after
Heap after GC invocations=1 (full 0):
 PSYoungGen      total 1024K, used 480K [0x00000000d6e00000, 0x00000000d6f80000, 0x0000000100000000)
  eden space 512K, 0% used [0x00000000d6e00000,0x00000000d6e00000,0x00000000d6e80000)
  from space 512K, 93% used [0x00000000d6e80000,0x00000000d6ef8020,0x00000000d6f00000)
  to   space 512K, 0% used [0x00000000d6f00000,0x00000000d6f00000,0x00000000d6f80000)
 ParOldGen       total 125440K, used 8K [0x0000000084a00000, 0x000000008c480000, 0x00000000d6e00000)
  object space 125440K, 0% used [0x0000000084a00000,0x0000000084a02000,0x000000008c480000)
 Metaspace       used 2486K, capacity 4480K, committed 4480K, reserved 1056768K
  class space    used 273K, capacity 384K, committed 384K, reserved 1048576K
}
Event: 0.446 GC heap before
{Heap before GC invocations=2 (full 0):
 PSYoungGen      total 1024K, used 992K [0x00000000d6e00000, 0x00000000d6f80000, 0x0000000100000000)
  eden space 512K, 100% used [0x00000000d6e00000,0x00000000d6e80000,0x00000000d6e80000)
  from space 512K, 93% used [0x00000000d6e80000,0x00000000d6ef8020,0x00000000d6f00000)
  to   space 512K, 0% used [0x00000000d6f00000,0x00000000d6f00000,0x00000000d6f80000)
 ParOldGen       total 125440K, used 8K [0x0000000084a00000, 0x000000008c480000, 0x00000000d6e00000)
  object space 125440K, 0% used [0x0000000084a00000,0x0000000084a02000,0x000000008c480000)
 Metaspace       used 3214K, capacity 4516K, committed 4864K, reserved 1056768K
  class space    used 356K, capacity 401K, committed 512K, reserved 1048576K
Event: 0.447 GC heap after
Heap after GC invocations=2 (full 0):
 PSYoungGen      total 1024K, used 496K [0x00000000d6e00000, 0x00000000d6f80000, 0x0000000100000000)
  eden space 512K, 0% used [0x00000000d6e00000,0x00000000d6e00000,0x00000000d6e80000)
  from space 512K, 96% used [0x00000000d6f00000,0x00000000d6f7c010,0x00000000d6f80000)
  to   space 512K, 0% used [0x00000000d6e80000,0x00000000d6e80000,0x00000000d6f00000)
 ParOldGen       total 125440K, used 96K [0x0000000084a00000, 0x000000008c480000, 0x00000000d6e00000)
  object space 125440K, 0% used [0x0000000084a00000,0x0000000084a18000,0x000000008c480000)
 Metaspace       used 3214K, capacity 4516K, committed 4864K, reserved 1056768K
  class space    used 356K, capacity 401K, committed 512K, reserved 1048576K
}

